[0924/001838.211:ERROR:process_reader_win.cc(151)] SuspendThread: Access is denied. (0x5)
[0924/001838.211:ERROR:process_reader_win.cc(151)] SuspendThread: Access is denied. (0x5)
[0924/001838.212:ERROR:process_reader_win.cc(151)] SuspendThread: Access is denied. (0x5)
[0924/001838.212:ERROR:process_reader_win.cc(151)] SuspendThread: Access is denied. (0x5)
[0924/001838.212:ERROR:process_reader_win.cc(151)] SuspendThread: Access is denied. (0x5)
[0924/001838.212:ERROR:process_reader_win.cc(151)] SuspendThread: Access is denied. (0x5)
[0924/001838.212:ERROR:process_reader_win.cc(151)] SuspendThread: Access is denied. (0x5)
[0924/001838.212:ERROR:process_reader_win.cc(151)] SuspendThread: Access is denied. (0x5)
[0924/001838.212:ERROR:process_reader_win.cc(151)] SuspendThread: Access is denied. (0x5)
[0924/001838.213:ERROR:process_reader_win.cc(151)] SuspendThread: Access is denied. (0x5)
[0924/001838.213:ERROR:process_reader_win.cc(151)] SuspendThread: Access is denied. (0x5)
[0924/001838.213:ERROR:process_reader_win.cc(123)] NtOpenThread: {Access Denied} A process has requested access to an object, but has not been granted those access rights. (0xc0000022)
[0924/001838.215:ERROR:exception_snapshot_win.cc(99)] thread ID 1664 not found in process
[0924/001838.217:ERROR:process_reader_win.cc(151)] SuspendThread: Access is denied. (0x5)
[0924/001838.217:ERROR:process_reader_win.cc(151)] SuspendThread: Access is denied. (0x5)
[0924/001838.217:ERROR:process_reader_win.cc(151)] SuspendThread: Access is denied. (0x5)
[0924/001838.217:ERROR:process_reader_win.cc(151)] SuspendThread: Access is denied. (0x5)
[0924/001838.217:ERROR:process_reader_win.cc(151)] SuspendThread: Access is denied. (0x5)
[0924/001838.217:ERROR:process_reader_win.cc(151)] SuspendThread: Access is denied. (0x5)
[0924/001838.217:ERROR:process_reader_win.cc(151)] SuspendThread: Access is denied. (0x5)
[0924/001838.217:ERROR:process_reader_win.cc(151)] SuspendThread: Access is denied. (0x5)
[0924/001838.218:ERROR:process_reader_win.cc(151)] SuspendThread: Access is denied. (0x5)
[0924/001838.219:ERROR:process_reader_win.cc(151)] SuspendThread: Access is denied. (0x5)
[0924/001838.219:ERROR:process_reader_win.cc(151)] SuspendThread: Access is denied. (0x5)
[0924/001838.219:ERROR:process_reader_win.cc(151)] SuspendThread: Access is denied. (0x5)
[0924/001838.219:ERROR:process_reader_win.cc(151)] SuspendThread: Access is denied. (0x5)
[0924/001838.219:ERROR:process_reader_win.cc(151)] SuspendThread: Access is denied. (0x5)
[0924/001838.219:ERROR:process_reader_win.cc(151)] SuspendThread: Access is denied. (0x5)
[0924/001838.219:ERROR:process_reader_win.cc(151)] SuspendThread: Access is denied. (0x5)
[0924/001838.219:ERROR:process_reader_win.cc(123)] NtOpenThread: {Access Denied} A process has requested access to an object, but has not been granted those access rights. (0xc0000022)
[0924/001838.219:ERROR:exception_snapshot_win.cc(99)] thread ID 4460 not found in process
[0924/001838.279:ERROR:process_reader_win.cc(151)] SuspendThread: Access is denied. (0x5)
[0924/001838.279:ERROR:process_reader_win.cc(151)] SuspendThread: Access is denied. (0x5)
[0924/001838.279:ERROR:process_reader_win.cc(151)] SuspendThread: Access is denied. (0x5)
[0924/001838.279:ERROR:process_reader_win.cc(151)] SuspendThread: Access is denied. (0x5)
[0924/001838.279:ERROR:process_reader_win.cc(151)] SuspendThread: Access is denied. (0x5)
[0924/001838.279:ERROR:process_reader_win.cc(151)] SuspendThread: Access is denied. (0x5)
[0924/001838.279:ERROR:process_reader_win.cc(151)] SuspendThread: Access is denied. (0x5)
[0924/001838.279:ERROR:process_reader_win.cc(151)] SuspendThread: Access is denied. (0x5)
[0924/001838.279:ERROR:process_reader_win.cc(151)] SuspendThread: Access is denied. (0x5)
[0924/001838.279:ERROR:process_reader_win.cc(151)] SuspendThread: Access is denied. (0x5)
[0924/001838.279:ERROR:process_reader_win.cc(151)] SuspendThread: Access is denied. (0x5)
[0924/001838.279:ERROR:process_reader_win.cc(151)] SuspendThread: Access is denied. (0x5)
[0924/001838.279:ERROR:process_reader_win.cc(123)] NtOpenThread: {Access Denied} A process has requested access to an object, but has not been granted those access rights. (0xc0000022)
[0924/001838.280:ERROR:exception_snapshot_win.cc(99)] thread ID 13784 not found in process
[0924/001838.305:ERROR:process_reader_win.cc(151)] SuspendThread: Access is denied. (0x5)
[0924/001838.305:ERROR:process_reader_win.cc(151)] SuspendThread: Access is denied. (0x5)
[0924/001838.305:ERROR:process_reader_win.cc(151)] SuspendThread: Access is denied. (0x5)
[0924/001838.305:ERROR:process_reader_win.cc(151)] SuspendThread: Access is denied. (0x5)
[0924/001838.305:ERROR:process_reader_win.cc(151)] SuspendThread: Access is denied. (0x5)
[0924/001838.305:ERROR:process_reader_win.cc(151)] SuspendThread: Access is denied. (0x5)
[0924/001838.305:ERROR:process_reader_win.cc(151)] SuspendThread: Access is denied. (0x5)
[0924/001838.305:ERROR:process_reader_win.cc(151)] SuspendThread: Access is denied. (0x5)
[0924/001838.305:ERROR:process_reader_win.cc(151)] SuspendThread: Access is denied. (0x5)
[0924/001838.305:ERROR:process_reader_win.cc(151)] SuspendThread: Access is denied. (0x5)
[0924/001838.305:ERROR:process_reader_win.cc(151)] SuspendThread: Access is denied. (0x5)
[0924/001838.305:ERROR:process_reader_win.cc(151)] SuspendThread: Access is denied. (0x5)
[0924/001838.305:ERROR:process_reader_win.cc(123)] NtOpenThread: {Access Denied} A process has requested access to an object, but has not been granted those access rights. (0xc0000022)
[0924/001838.305:ERROR:exception_snapshot_win.cc(99)] thread ID 9992 not found in process
[0924/001838.308:ERROR:process_reader_win.cc(151)] SuspendThread: Access is denied. (0x5)
[0924/001838.308:ERROR:process_reader_win.cc(151)] SuspendThread: Access is denied. (0x5)
[0924/001838.308:ERROR:process_reader_win.cc(151)] SuspendThread: Access is denied. (0x5)
[0924/001838.309:ERROR:process_reader_win.cc(151)] SuspendThread: Access is denied. (0x5)
[0924/001838.309:ERROR:process_reader_win.cc(151)] SuspendThread: Access is denied. (0x5)
[0924/001838.309:ERROR:process_reader_win.cc(151)] SuspendThread: Access is denied. (0x5)
[0924/001838.309:ERROR:process_reader_win.cc(151)] SuspendThread: Access is denied. (0x5)
[0924/001838.309:ERROR:process_reader_win.cc(151)] SuspendThread: Access is denied. (0x5)
[0924/001838.309:ERROR:process_reader_win.cc(151)] SuspendThread: Access is denied. (0x5)
[0924/001838.309:ERROR:process_reader_win.cc(151)] SuspendThread: Access is denied. (0x5)
[0924/001838.309:ERROR:process_reader_win.cc(151)] SuspendThread: Access is denied. (0x5)
[0924/001838.309:ERROR:process_reader_win.cc(151)] SuspendThread: Access is denied. (0x5)
[0924/001838.309:ERROR:process_reader_win.cc(151)] SuspendThread: Access is denied. (0x5)
[0924/001838.309:ERROR:process_reader_win.cc(151)] SuspendThread: Access is denied. (0x5)
[0924/001838.309:ERROR:process_reader_win.cc(123)] NtOpenThread: {Access Denied} A process has requested access to an object, but has not been granted those access rights. (0xc0000022)
[0924/001838.309:ERROR:exception_snapshot_win.cc(99)] thread ID 11412 not found in process
[0924/001838.314:ERROR:process_reader_win.cc(151)] SuspendThread: Access is denied. (0x5)
[0924/001838.314:ERROR:process_reader_win.cc(151)] SuspendThread: Access is denied. (0x5)
[0924/001838.314:ERROR:process_reader_win.cc(151)] SuspendThread: Access is denied. (0x5)
[0924/001838.314:ERROR:process_reader_win.cc(151)] SuspendThread: Access is denied. (0x5)
[0924/001838.314:ERROR:process_reader_win.cc(151)] SuspendThread: Access is denied. (0x5)
[0924/001838.314:ERROR:process_reader_win.cc(151)] SuspendThread: Access is denied. (0x5)
[0924/001838.314:ERROR:process_reader_win.cc(151)] SuspendThread: Access is denied. (0x5)
[0924/001838.314:ERROR:process_reader_win.cc(151)] SuspendThread: Access is denied. (0x5)
[0924/001838.314:ERROR:process_reader_win.cc(151)] SuspendThread: Access is denied. (0x5)
[0924/001838.314:ERROR:process_reader_win.cc(151)] SuspendThread: Access is denied. (0x5)
[0924/001838.314:ERROR:process_reader_win.cc(151)] SuspendThread: Access is denied. (0x5)
[0924/001838.314:ERROR:process_reader_win.cc(151)] SuspendThread: Access is denied. (0x5)
[0924/001838.314:ERROR:process_reader_win.cc(151)] SuspendThread: Access is denied. (0x5)
[0924/001838.314:ERROR:process_reader_win.cc(123)] NtOpenThread: {Access Denied} A process has requested access to an object, but has not been granted those access rights. (0xc0000022)
[0924/001838.314:ERROR:exception_snapshot_win.cc(99)] thread ID 10672 not found in process
[0924/001838.348:ERROR:process_info.cc(329)] VirtualQueryEx: Access is denied. (0x5)
[0924/001838.349:ERROR:process_info.cc(556)] ReadMemoryInfo failed
[0924/001838.349:ERROR:scoped_process_suspend.cc(40)] NtResumeProcess: An attempt was made to access an exiting process. (0xc000010a)
[1008/235421.264:ERROR:process_info.cc(329)] VirtualQueryEx: Access is denied. (0x5)
[1008/235421.265:ERROR:process_info.cc(556)] ReadMemoryInfo failed
[1008/235421.265:ERROR:scoped_process_suspend.cc(40)] NtResumeProcess: An attempt was made to access an exiting process. (0xc000010a)
[1009/173028.175:ERROR:settings.cc(320)] Settings magic is not 1129342067
[1011/095848.935:ERROR:directory_reader_win.cc(43)] FindFirstFile: The system cannot find the path specified. (0x3)
[1011/154822.695:ERROR:directory_reader_win.cc(43)] FindFirstFile: The system cannot find the path specified. (0x3)
[1012/223649.534:ERROR:directory_reader_win.cc(43)] FindFirstFile: The system cannot find the path specified. (0x3)
[1013/212832.241:ERROR:directory_reader_win.cc(43)] FindFirstFile: The system cannot find the path specified. (0x3)
[1014/230521.663:ERROR:directory_reader_win.cc(43)] FindFirstFile: The system cannot find the path specified. (0x3)
[1015/134136.845:ERROR:directory_reader_win.cc(43)] FindFirstFile: The system cannot find the path specified. (0x3)
[1016/104158.412:ERROR:directory_reader_win.cc(43)] FindFirstFile: The system cannot find the path specified. (0x3)
[1016/110713.584:ERROR:directory_reader_win.cc(43)] FindFirstFile: The system cannot find the path specified. (0x3)
[1016/131517.824:ERROR:directory_reader_win.cc(43)] FindFirstFile: The system cannot find the path specified. (0x3)
[1016/163721.151:ERROR:directory_reader_win.cc(43)] FindFirstFile: The system cannot find the path specified. (0x3)
[1017/223823.896:ERROR:directory_reader_win.cc(43)] FindFirstFile: The system cannot find the path specified. (0x3)
[1018/131826.765:ERROR:directory_reader_win.cc(43)] FindFirstFile: The system cannot find the path specified. (0x3)
[1020/215221.510:ERROR:directory_reader_win.cc(43)] FindFirstFile: The system cannot find the path specified. (0x3)
[1022/082138.997:ERROR:directory_reader_win.cc(43)] FindFirstFile: The system cannot find the path specified. (0x3)
[1022/222246.250:ERROR:directory_reader_win.cc(43)] FindFirstFile: The system cannot find the path specified. (0x3)
